<?xml version="1.0" encoding="UTF-8"?>
<!-- Generated by org.testng.reporters.JUnitReportReporter -->
<testsuite hostname="DESKTOP-GU91JBG" name="Academy.CCBalance" tests="1" failures="0" timestamp="16 Aug 2021 09:12:46 GMT" time="16.982" errors="0">
  <testcase name="basePageNavigation" time="16.982" classname="Academy.CCBalance"/>
</testsuite> <!-- Academy.CCBalance -->
