<?xml version="1.0" encoding="UTF-8"?>
<!-- Generated by org.testng.reporters.JUnitReportReporter -->
<testsuite hostname="DESKTOP-GU91JBG" name="Academy.ValidCreditCard" tests="1" failures="0" timestamp="18 Aug 2021 11:25:20 GMT" time="17.130" errors="0">
  <testcase name="basePageNavigation" time="17.130" classname="Academy.ValidCreditCard"/>
</testsuite> <!-- Academy.ValidCreditCard -->
