<?xml version="1.0" encoding="UTF-8"?>
<!-- Generated by org.testng.reporters.JUnitReportReporter -->
<testsuite hostname="DESKTOP-GU91JBG" name="Academy.CCBalance" tests="1" failures="0" timestamp="18 Aug 2021 11:25:20 GMT" time="15.324" errors="0">
  <testcase name="basePageNavigation" time="15.324" classname="Academy.CCBalance"/>
</testsuite> <!-- Academy.CCBalance -->
